  Skeleton.cpp
C:\Users\Zalan\Documents\Dokumentumok\Coding\Grafika\Gravity-Visualization\Programs\Skeleton\Skeleton\framework.h(167,17): warning C4996: 'fopen': This function or variable may be unsafe. Consider using fopen_s instead. To disable deprecation, use _CRT_SECURE_NO_WARNINGS. See online help for details.
C:\Users\Zalan\Documents\Dokumentumok\Coding\Grafika\Gravity-Visualization\Programs\Skeleton\Skeleton\Skeleton.cpp(68,1): warning C4305: '=': truncation from 'double' to 'float'
C:\Users\Zalan\Documents\Dokumentumok\Coding\Grafika\Gravity-Visualization\Programs\Skeleton\Skeleton\Skeleton.cpp(72,17): warning C4244: 'argument': conversion from 'double' to 'float', possible loss of data
C:\Users\Zalan\Documents\Dokumentumok\Coding\Grafika\Gravity-Visualization\Programs\Skeleton\Skeleton\Skeleton.cpp(71,17): warning C4244: 'argument': conversion from 'double' to 'float', possible loss of data
C:\Users\Zalan\Documents\Dokumentumok\Coding\Grafika\Gravity-Visualization\Programs\Skeleton\Skeleton\Skeleton.cpp(108,113): warning C4244: 'argument': conversion from 'double' to 'float', possible loss of data
C:\Users\Zalan\Documents\Dokumentumok\Coding\Grafika\Gravity-Visualization\Programs\Skeleton\Skeleton\Skeleton.cpp(109,138): warning C4244: 'argument': conversion from 'double' to 'float', possible loss of data
C:\Users\Zalan\Documents\Dokumentumok\Coding\Grafika\Gravity-Visualization\Programs\Skeleton\Skeleton\Skeleton.cpp(469,24): warning C4244: 'argument': conversion from 'double' to 'float', possible loss of data
C:\Users\Zalan\Documents\Dokumentumok\Coding\Grafika\Gravity-Visualization\Programs\Skeleton\Skeleton\Skeleton.cpp(470,24): warning C4244: 'argument': conversion from 'double' to 'float', possible loss of data
C:\Users\Zalan\Documents\Dokumentumok\Coding\Grafika\Gravity-Visualization\Programs\Skeleton\Skeleton\Skeleton.cpp(471,1): warning C4305: 'argument': truncation from 'double' to 'float'
C:\Users\Zalan\Documents\Dokumentumok\Coding\Grafika\Gravity-Visualization\Programs\Skeleton\Skeleton\Skeleton.cpp(528,17): warning C4305: 'argument': truncation from 'double' to 'float'
C:\Users\Zalan\Documents\Dokumentumok\Coding\Grafika\Gravity-Visualization\Programs\Skeleton\Skeleton\Skeleton.cpp(531,1): warning C4305: 'argument': truncation from 'double' to 'float'
C:\Users\Zalan\Documents\Dokumentumok\Coding\Grafika\Gravity-Visualization\Programs\Skeleton\Skeleton\Skeleton.cpp(555,1): warning C4305: 'argument': truncation from 'double' to 'float'
C:\Users\Zalan\Documents\Dokumentumok\Coding\Grafika\Gravity-Visualization\Programs\Skeleton\Skeleton\Skeleton.cpp(570,23): warning C4018: '<': signed/unsigned mismatch
C:\Users\Zalan\Documents\Dokumentumok\Coding\Grafika\Gravity-Visualization\Programs\Skeleton\Skeleton\Skeleton.cpp(591,10): warning C4244: 'initializing': conversion from 'double' to 'float', possible loss of data
C:\Users\Zalan\Documents\Dokumentumok\Coding\Grafika\Gravity-Visualization\Programs\Skeleton\Skeleton\Skeleton.cpp(630,20): warning C4244: 'initializing': conversion from 'double' to 'float', possible loss of data
C:\Users\Zalan\Documents\Dokumentumok\Coding\Grafika\Gravity-Visualization\Programs\Skeleton\Skeleton\Skeleton.cpp(631,15): warning C4244: 'initializing': conversion from 'double' to 'float', possible loss of data
C:\Users\Zalan\Documents\Dokumentumok\Coding\Grafika\Gravity-Visualization\Programs\Skeleton\Skeleton\Skeleton.cpp(633,110): warning C4244: 'argument': conversion from 'int' to 'float', possible loss of data
C:\Users\Zalan\Documents\Dokumentumok\Coding\Grafika\Gravity-Visualization\Programs\Skeleton\Skeleton\Skeleton.cpp(638,1): warning C4305: 'argument': truncation from 'double' to 'float'
C:\Users\Zalan\Documents\Dokumentumok\Coding\Grafika\Gravity-Visualization\Programs\Skeleton\Skeleton\Skeleton.cpp(640,1): warning C4305: 'argument': truncation from 'double' to 'float'
C:\Users\Zalan\Documents\Dokumentumok\Coding\Grafika\Gravity-Visualization\Programs\Skeleton\Skeleton\Skeleton.cpp(649,1): warning C4305: 'argument': truncation from 'double' to 'float'
C:\Users\Zalan\Documents\Dokumentumok\Coding\Grafika\Gravity-Visualization\Programs\Skeleton\Skeleton\Skeleton.cpp(654,1): warning C4305: 'argument': truncation from 'double' to 'float'
C:\Users\Zalan\Documents\Dokumentumok\Coding\Grafika\Gravity-Visualization\Programs\Skeleton\Skeleton\Skeleton.cpp(726,74): warning C4244: 'argument': conversion from 'double' to 'float', possible loss of data
C:\Users\Zalan\Documents\Dokumentumok\Coding\Grafika\Gravity-Visualization\Programs\Skeleton\Skeleton\Skeleton.cpp(726,63): warning C4244: 'argument': conversion from 'double' to 'float', possible loss of data
C:\Users\Zalan\Documents\Dokumentumok\Coding\Grafika\Gravity-Visualization\Programs\Skeleton\Skeleton\Skeleton.cpp(729,20): warning C4244: 'initializing': conversion from 'double' to 'float', possible loss of data
C:\Users\Zalan\Documents\Dokumentumok\Coding\Grafika\Gravity-Visualization\Programs\Skeleton\Skeleton\Skeleton.cpp(730,15): warning C4244: 'initializing': conversion from 'double' to 'float', possible loss of data
C:\Users\Zalan\Documents\Dokumentumok\Coding\Grafika\Gravity-Visualization\Programs\Skeleton\Skeleton\Skeleton.cpp(732,125): warning C4244: 'argument': conversion from 'int' to 'float', possible loss of data
C:\Users\Zalan\Documents\Dokumentumok\Coding\Grafika\Gravity-Visualization\Programs\Skeleton\Skeleton\Skeleton.cpp(761,12): warning C4244: 'initializing': conversion from 'double' to 'float', possible loss of data
  Generating code
  1 of 484 functions ( 0.2%) were compiled, the rest were copied from previous compilation.
    0 functions were new in current compilation
    1 functions had inline decision re-evaluated but remain unchanged
  Finished generating code
  Skeleton.vcxproj -> C:\Users\Zalan\Documents\Dokumentumok\Coding\Grafika\Gravity-Visualization\Programs\Skeleton\bin\Skeleton.exe
